# JRE version: OpenJDK Runtime Environment Temurin-11.0.14.1+1 (11.0.14.1+1) (build 11.0.14.1+1)
# Java VM: OpenJDK 64-Bit Server VM Temurin-11.0.14.1+1 (11.0.14.1+1, mixed mode, tiered, compressed oops, g1 gc, bsd-amd64)
Heap:
 garbage-first heap   total 131072K, used 78563K [0x0000000780000000, 0x0000000800000000)
  region size 1024K, 76 young (77824K), 1 survivors (1024K)
 Metaspace       used 10109K, capacity 10357K, committed 10752K, reserved 1058816K
  class space    used 868K, capacity 915K, committed 1024K, reserved 1048576K
GC Heap History (20 events):
Event: 7563.121 GC heap after
{Heap after GC invocations=609 (full 0):
 garbage-first heap   total 131072K, used 1763K [0x0000000780000000, 0x0000000800000000)
  region size 1024K, 1 young (1024K), 1 survivors (1024K)
 Metaspace       used 10098K, capacity 10293K, committed 10496K, reserved 1058816K
  class space    used 867K, capacity 915K, committed 1024K, reserved 1048576K
}
Event: 7576.726 GC heap before
{Heap before GC invocations=609 (full 0):
 garbage-first heap   total 131072K, used 78563K [0x0000000780000000, 0x0000000800000000)
  region size 1024K, 76 young (77824K), 1 survivors (1024K)
 Metaspace       used 10098K, capacity 10293K, committed 10496K, reserved 1058816K
  class space    used 867K, capacity 915K, committed 1024K, reserved 1048576K
}
Event: 7576.728 GC heap after
{Heap after GC invocations=610 (full 0):
 garbage-first heap   total 131072K, used 1761K [0x0000000780000000, 0x0000000800000000)
  region size 1024K, 1 young (1024K), 1 survivors (1024K)
 Metaspace       used 10098K, capacity 10293K, committed 10496K, reserved 1058816K
  class space    used 867K, capacity 915K, committed 1024K, reserved 1048576K
}
Event: 7591.358 GC heap before
{Heap before GC invocations=610 (full 0):
 garbage-first heap   total 131072K, used 78561K [0x0000000780000000, 0x0000000800000000)
  region size 1024K, 76 young (77824K), 1 survivors (1024K)
 Metaspace       used 10098K, capacity 10293K, committed 10496K, reserved 1058816K
  class space    used 867K, capacity 915K, committed 1024K, reserved 1048576K
}
Event: 7591.359 GC heap after
{Heap after GC invocations=611 (full 0):
 garbage-first heap   total 131072K, used 1763K [0x0000000780000000, 0x0000000800000000)
  region size 1024K, 1 young (1024K), 1 survivors (1024K)
 Metaspace       used 10098K, capacity 10293K, committed 10496K, reserved 1058816K
  class space    used 867K, capacity 915K, committed 1024K, reserved 1048576K
}
Event: 7605.814 GC heap before
{Heap before GC invocations=611 (full 0):
 garbage-first heap   total 131072K, used 78563K [0x0000000780000000, 0x0000000800000000)
  region size 1024K, 76 young (77824K), 1 survivors (1024K)
 Metaspace       used 10098K, capacity 10293K, committed 10496K, reserved 1058816K
  class space    used 867K, capacity 915K, committed 1024K, reserved 1048576K
}
Event: 7605.814 GC heap after
{Heap after GC invocations=612 (full 0):
 garbage-first heap   total 131072K, used 1761K [0x0000000780000000, 0x0000000800000000)
  region size 1024K, 1 young (1024K), 1 survivors (1024K)
 Metaspace       used 10098K, capacity 10293K, committed 10496K, reserved 1058816K
  class space    used 867K, capacity 915K, committed 1024K, reserved 1048576K
}
Event: 7621.544 GC heap before
{Heap before GC invocations=612 (full 0):
 garbage-first heap   total 131072K, used 78561K [0x0000000780000000, 0x0000000800000000)
  region size 1024K, 76 young (77824K), 1 survivors (1024K)
 Metaspace       used 10098K, capacity 10293K, committed 10496K, reserved 1058816K
  class space    used 867K, capacity 915K, committed 1024K, reserved 1048576K
}
Event: 7621.545 GC heap after
{Heap after GC invocations=613 (full 0):
 garbage-first heap   total 131072K, used 1761K [0x0000000780000000, 0x0000000800000000)
  region size 1024K, 1 young (1024K), 1 survivors (1024K)
 Metaspace       used 10098K, capacity 10293K, committed 10496K, reserved 1058816K
  class space    used 867K, capacity 915K, committed 1024K, reserved 1048576K
}
Event: 7636.365 GC heap before
{Heap before GC invocations=613 (full 0):
 garbage-first heap   total 131072K, used 78561K [0x0000000780000000, 0x0000000800000000)
  region size 1024K, 76 young (77824K), 1 survivors (1024K)
 Metaspace       used 10098K, capacity 10293K, committed 10496K, reserved 1058816K
  class space    used 867K, capacity 915K, committed 1024K, reserved 1048576K
}
Event: 7636.366 GC heap after
{Heap after GC invocations=614 (full 0):
 garbage-first heap   total 131072K, used 1763K [0x0000000780000000, 0x0000000800000000)
  region size 1024K, 1 young (1024K), 1 survivors (1024K)
 Metaspace       used 10098K, capacity 10293K, committed 10496K, reserved 1058816K
  class space    used 867K, capacity 915K, committed 1024K, reserved 1048576K
}
Event: 7651.598 GC heap before
{Heap before GC invocations=614 (full 0):
 garbage-first heap   total 131072K, used 78563K [0x0000000780000000, 0x0000000800000000)
  region size 1024K, 76 young (77824K), 1 survivors (1024K)
 Metaspace       used 10098K, capacity 10293K, committed 10496K, reserved 1058816K
  class space    used 867K, capacity 915K, committed 1024K, reserved 1048576K
}
Event: 7651.599 GC heap after
{Heap after GC invocations=615 (full 0):
 garbage-first heap   total 131072K, used 1763K [0x0000000780000000, 0x0000000800000000)
  region size 1024K, 1 young (1024K), 1 survivors (1024K)
 Metaspace       used 10098K, capacity 10293K, committed 10496K, reserved 1058816K
  class space    used 867K, capacity 915K, committed 1024K, reserved 1048576K
}
Event: 7664.917 GC heap before
{Heap before GC invocations=615 (full 0):
 garbage-first heap   total 131072K, used 78563K [0x0000000780000000, 0x0000000800000000)
  region size 1024K, 76 young (77824K), 1 survivors (1024K)
 Metaspace       used 10098K, capacity 10293K, committed 10496K, reserved 1058816K
  class space    used 867K, capacity 915K, committed 1024K, reserved 1048576K
}
Event: 7664.918 GC heap after
{Heap after GC invocations=616 (full 0):
 garbage-first heap   total 131072K, used 1761K [0x0000000780000000, 0x0000000800000000)
  region size 1024K, 1 young (1024K), 1 survivors (1024K)
 Metaspace       used 10098K, capacity 10293K, committed 10496K, reserved 1058816K
  class space    used 867K, capacity 915K, committed 1024K, reserved 1048576K
}
Event: 7678.799 GC heap before
{Heap before GC invocations=616 (full 0):
 garbage-first heap   total 131072K, used 78561K [0x0000000780000000, 0x0000000800000000)
  region size 1024K, 76 young (77824K), 1 survivors (1024K)
 Metaspace       used 10098K, capacity 10293K, committed 10496K, reserved 1058816K
  class space    used 867K, capacity 915K, committed 1024K, reserved 1048576K
}
Event: 7678.801 GC heap after
{Heap after GC invocations=617 (full 0):
 garbage-first heap   total 131072K, used 1761K [0x0000000780000000, 0x0000000800000000)
  region size 1024K, 1 young (1024K), 1 survivors (1024K)
 Metaspace       used 10098K, capacity 10293K, committed 10496K, reserved 1058816K
  class space    used 867K, capacity 915K, committed 1024K, reserved 1048576K
}
Event: 7692.302 GC heap before
{Heap before GC invocations=617 (full 0):
 garbage-first heap   total 131072K, used 78561K [0x0000000780000000, 0x0000000800000000)
  region size 1024K, 76 young (77824K), 1 survivors (1024K)
 Metaspace       used 10098K, capacity 10293K, committed 10496K, reserved 1058816K
  class space    used 867K, capacity 915K, committed 1024K, reserved 1048576K
}
Event: 7692.302 GC heap after
{Heap after GC invocations=618 (full 0):
 garbage-first heap   total 131072K, used 1763K [0x0000000780000000, 0x0000000800000000)
  region size 1024K, 1 young (1024K), 1 survivors (1024K)
 Metaspace       used 10098K, capacity 10293K, committed 10496K, reserved 1058816K
  class space    used 867K, capacity 915K, committed 1024K, reserved 1048576K
}
Event: 7708.194 GC heap before
{Heap before GC invocations=618 (full 0):
 garbage-first heap   total 131072K, used 78563K [0x0000000780000000, 0x0000000800000000)
  region size 1024K, 76 young (77824K), 1 survivors (1024K)
 Metaspace       used 10109K, capacity 10357K, committed 10752K, reserved 1058816K
  class space    used 868K, capacity 915K, committed 1024K, reserved 1048576K
}

